Sender: LSF System <lsfadmin@node10>
Subject: Job 207212: <./runl.sh> Done

Job <./runl.sh> was submitted from host <r730xd> by user <jiahaozhang> in cluster <scmp-3>.
Job was executed on host(s) <node10>, in queue <short>, as user <jiahaozhang> in cluster <scmp-3>.
</home/jiahaozhang> was used as the home directory.
</data/jiahaozhang/cpu> was used as the working directory.
Started at Sun Apr  9 09:51:02 2017
Results reported at Sun Apr  9 22:20:48 2017

Your job looked like:

------------------------------------------------------------
# LSBATCH: User input
./runl.sh
------------------------------------------------------------

Successfully completed
The output (if any) follows:



PS:

Read file <erro.err> for stderr output of this job.

Sender: LSF System <lsfadmin@node11>
Subject: Job 207378: <./runt.sh> Done

Job <./runt.sh> was submitted from host <r730xd> by user <jiahaozhang> in cluster <scmp-3>.
Job was executed on host(s) <node11>, in queue <short>, as user <jiahaozhang> in cluster <scmp-3>.
</home/jiahaozhang> was used as the home directory.
</data/jiahaozhang/cpu> was used as the working directory.
Started at Sun Apr  9 16:35:52 2017
Results reported at Mon Apr 10 00:02:20 2017

Your job looked like:

------------------------------------------------------------
# LSBATCH: User input
./runt.sh
------------------------------------------------------------

Successfully completed.

Resource usage summary:

    CPU time   :  12619.10 sec.
    Max Memory :       895 MB
    Max Swap   :      1357 MB

    Max Processes  :         4
    Max Threads    :         5

The output (if any) follows:



PS:

Read file <erro.err> for stderr output of this job.

Sender: LSF System <lsfadmin@node12>
Subject: Job 207377: <./runl.sh> Done

Job <./runl.sh> was submitted from host <r730xd> by user <jiahaozhang> in cluster <scmp-3>.
Job was executed on host(s) <node12>, in queue <short>, as user <jiahaozhang> in cluster <scmp-3>.
</home/jiahaozhang> was used as the home directory.
</data/jiahaozhang/cpu> was used as the working directory.
Started at Sun Apr  9 16:34:26 2017
Results reported at Mon Apr 10 00:07:13 2017

Your job looked like:

------------------------------------------------------------
# LSBATCH: User input
./runl.sh
------------------------------------------------------------

Successfully completed.

Resource usage summary:

    CPU time   :  13383.61 sec.
    Max Memory :       892 MB
    Max Swap   :      1357 MB

    Max Processes  :         4
    Max Threads    :         5

The output (if any) follows:



PS:

Read file <erro.err> for stderr output of this job.

Sender: LSF System <lsfadmin@node08>
Subject: Job 207752: <./runl.sh> Exited

Job <./runl.sh> was submitted from host <r730xd> by user <jiahaozhang> in cluster <scmp-3>.
Job was executed on host(s) <node08>, in queue <short>, as user <jiahaozhang> in cluster <scmp-3>.
</home/jiahaozhang> was used as the home directory.
</data/jiahaozhang/cpu> was used as the working directory.
Started at Mon Apr 10 11:44:25 2017
Results reported at Mon Apr 10 11:44:42 2017

Your job looked like:

------------------------------------------------------------
# LSBATCH: User input
./runl.sh
------------------------------------------------------------

TERM_OWNER: job killed by owner.
Exited with exit code 130.

Resource usage summary:

    CPU time   :     17.16 sec.
    Max Memory :         2 MB
    Max Swap   :        40 MB

    Max Processes  :         1
    Max Threads    :         1

The output (if any) follows:



PS:

Read file <erro.err> for stderr output of this job.

Sender: LSF System <lsfadmin@node09>
Subject: Job 207751: <./runl.sh> Exited

Job <./runl.sh> was submitted from host <r730xd> by user <jiahaozhang> in cluster <scmp-3>.
Job was executed on host(s) <node09>, in queue <short>, as user <jiahaozhang> in cluster <scmp-3>.
</home/jiahaozhang> was used as the home directory.
</data/jiahaozhang/cpu> was used as the working directory.
Started at Mon Apr 10 11:44:34 2017
Results reported at Mon Apr 10 11:49:21 2017

Your job looked like:

------------------------------------------------------------
# LSBATCH: User input
./runl.sh
------------------------------------------------------------

TERM_OWNER: job killed by owner.
Exited with exit code 130.

Resource usage summary:

    CPU time   :    247.54 sec.
    Max Memory :      1233 MB
    Max Swap   :      1698 MB

    Max Processes  :         4
    Max Threads    :         5

The output (if any) follows:



PS:

Read file <erro.err> for stderr output of this job.

